build/outputs/mapping/release/seeds.txt
com.easemob.redpacketsdk.contract.OpenPacketContract$Presenter
com.easemob.redpacketsdk.contract.OpenPacketContract$Presenter: void openRedPacket(java.lang.String,int,int)
com.easemob.redpacketsdk.contract.OpenPacketContract$View
com.easemob.redpacketsdk.contract.OpenPacketContract$View: void openPacketDialog(com.easemob.redpacketsdk.bean.RedPacketInfo,java.lang.String)
com.easemob.redpacketsdk.contract.OpenPacketContract$View: void showPacketDetail(com.easemob.redpacketsdk.bean.RedPacketInfo)
com.easemob.redpacketsdk.contract.OpenPacketContract$View: void onOpenPacketError(java.lang.String,java.lang.String)
com.easemob.redpacketsdk.contract.OpenPacketContract$View: void showRandomDetail(com.easemob.redpacketsdk.bean.RedPacketInfo)
com.easemob.redpacketsdk.contract.RPDetailContract
com.easemob.redpacketsdk.contract.RPDetailContract$Presenter
com.easemob.redpacketsdk.contract.RPDetailContract$Presenter: void getPacketDetail(com.easemob.redpacketsdk.bean.RedPacketInfo,int,int)
com.easemob.redpacketsdk.contract.RPDetailContract$View
com.easemob.redpacketsdk.contract.RPDetailContract$View: void showSinglePacketDetail(com.easemob.redpacketsdk.bean.RedPacketInfo)
com.easemob.redpacketsdk.contract.RPDetailContract$View: void showGroupPacketDetail(java.util.HashMap,java.lang.String,java.lang.String,java.lang.String)
com.easemob.redpacketsdk.contract.RPDetailContract$View: void showDetailError(java.lang.String,java.lang.String)
com.easemob.redpacketsdk.contract.RPRecordContract
com.easemob.redpacketsdk.contract.RPRecordContract$Presenter
com.easemob.redpacketsdk.contract.RPRecordContract$Presenter: void getAliUserInfo()
com.easemob.redpacketsdk.contract.RPRecordContract$Presenter: void getAuthInfo()
com.easemob.redpacketsdk.contract.RPRecordContract$Presenter: void uploadAuthInfo(java.lang.String,java.lang.String)
com.easemob.redpacketsdk.contract.RPRecordContract$Presenter: void getRecordList(int,int,int)
com.easemob.redpacketsdk.contract.RPRecordContract$Presenter: void unBindAliUser()
com.easemob.redpacketsdk.contract.RPRecordContract$View
com.easemob.redpacketsdk.contract.RPRecordContract$View: void showAliUserInfo(java.lang.String)
com.easemob.redpacketsdk.contract.RPRecordContract$View: void onAliUserInfoError(int,java.lang.String)
com.easemob.redpacketsdk.contract.RPRecordContract$View: void onAuthInfoSuccess(java.lang.String)
com.easemob.redpacketsdk.contract.RPRecordContract$View: void onAuthInfoError(int,java.lang.String)
com.easemob.redpacketsdk.contract.RPRecordContract$View: void onUploadAuthInfoSuccess()
com.easemob.redpacketsdk.contract.RPRecordContract$View: void onUploadAuthInfoError(int,java.lang.String)
com.easemob.redpacketsdk.contract.RPRecordContract$View: void refreshListData(java.util.ArrayList,com.easemob.redpacketsdk.bean.RedPacketInfo,com.easemob.redpacketsdk.bean.PageInfo)
com.easemob.redpacketsdk.contract.RPRecordContract$View: void addMoreListData(java.util.ArrayList,com.easemob.redpacketsdk.bean.PageInfo)
com.easemob.redpacketsdk.contract.RPRecordContract$View: void onLoadError(java.lang.String,java.lang.String)
com.easemob.redpacketsdk.contract.RPRecordContract$View: void unBindAliSuccess()
com.easemob.redpacketsdk.contract.RPRecordContract$View: void unBindAliError(int,java.lang.String)
com.easemob.redpacketsdk.contract.RPTokenContract
com.easemob.redpacketsdk.contract.RPTokenContract$Presenter
com.easemob.redpacketsdk.contract.RPTokenContract$Presenter: void initRPToken(com.easemob.redpacketsdk.bean.TokenData)
com.easemob.redpacketsdk.contract.RPTokenContract$View
com.easemob.redpacketsdk.contract.RPTokenContract$View: void onTokenSuccess(java.lang.String)
com.easemob.redpacketsdk.contract.RPTokenContract$View: void onTokenError(java.lang.String,java.lang.String)
com.easemob.redpacketsdk.contract.SettingContract
com.easemob.redpacketsdk.contract.SettingContract$Presenter
com.easemob.redpacketsdk.contract.SettingContract$Presenter: void initSetting()