build/outputs/mapping/release/mapping.txt
com.easemob.redpacketsdk.a.a.c$1 -> com.easemob.redpacketsdk.a.a.c$1:
com.easemob.redpacketsdk.a.a.c$a -> com.easemob.redpacketsdk.a.a.c$a:
    void onCheckStatusSuccess(com.easemob.redpacketsdk.bean.RedPacketInfo) -> onCheckStatusSuccess
    void onCheckStatusError(java.lang.String,java.lang.String) -> onCheckStatusError
com.easemob.redpacketsdk.a.a.c$b -> com.easemob.redpacketsdk.a.a.c$b:
    com.easemob.redpacketsdk.a.a.c a -> a
    void <init>(com.easemob.redpacketsdk.a.a.c) -> <init>
    void a(com.easemob.redpacketsdk.bean.RedPacketInfo) -> a
    void onError(java.lang.String,java.lang.String) -> onError
    void onSuccess(java.lang.Object) -> onSuccess
    void <init>(com.easemob.redpacketsdk.a.a.c,com.easemob.redpacketsdk.a.a.c$1) -> <init>
com.easemob.redpacketsdk.a.a.d -> com.easemob.redpacketsdk.a.a.d:
    void <init>() -> <init>
    void a(java.lang.String) -> a
com.easemob.redpacketsdk.a.a.d$1 -> com.easemob.redpacketsdk.a.a.d$1:
com.easemob.redpacketsdk.a.a.d$a -> com.easemob.redpacketsdk.a.a.d$a:
    com.easemob.redpacketsdk.a.a.d a -> a
    void <init>(com.easemob.redpacketsdk.a.a.d) -> <init>
    void a(java.lang.String) -> a
    void onError(java.lang.String,java.lang.String) -> onError
    void onSuccess(java.lang.Object) -> onSuccess
    void <init>(com.easemob.redpacketsdk.a.a.d,com.easemob.redpacketsdk.a.a.d$1) -> <init>
com.easemob.redpacketsdk.a.a.d$b -> com.easemob.redpacketsdk.a.a.d$b:
    void onLogSuccess(java.lang.String) -> onLogSuccess
    void onLogError(java.lang.String,java.lang.String) -> onLogError
com.easemob.redpacketsdk.a.a.e -> com.easemob.redpacketsdk.a.a.e:
    void <init>() -> <init>
    void a(java.lang.String,java.lang.String,int,int) -> a
com.easemob.redpacketsdk.a.a.e$1 -> com.easemob.redpacketsdk.a.a.e$1:
com.easemob.redpacketsdk.a.a.e$a -> com.easemob.redpacketsdk.a.a.e$a:
    com.easemob.redpacketsdk.a.a.e a -> a
    void <init>(com.easemob.redpacketsdk.a.a.e) -> <init>
    void a(java.util.HashMap) -> a
    void onError(java.lang.String,java.lang.String) -> onError
    void onSuccess(java.lang.Object) -> onSuccess
    void <init>(com.easemob.redpacketsdk.a.a.e,com.easemob.redpacketsdk.a.a.e$1) -> <init>
com.easemob.redpacketsdk.a.a.e$b -> com.easemob.redpacketsdk.a.a.e$b:
    void onPacketDetailSuccess(java.util.HashMap) -> onPacketDetailSuccess
    void onPacketDetailError(java.lang.String,java.lang.String) -> onPacketDetailError
com.easemob.redpacketsdk.a.a.f -> com.easemob.redpacketsdk.a.a.f:
    void <init>() -> <init>
    void a(com.easemob.redpacketsdk.bean.TokenData) -> a
com.easemob.redpacketsdk.a.a.f$1 -> com.easemob.redpacketsdk.a.a.f$1:
com.easemob.redpacketsdk.a.a.f$a -> com.easemob.redpacketsdk.a.a.f$a:
    com.easemob.redpacketsdk.a.a.f a -> a
    void <init>(com.easemob.redpacketsdk.a.a.f) -> <init>
    void a(java.lang.String) -> a
    void onError(java.lang.String,java.lang.String) -> onError
    void onSuccess(java.lang.Object) -> onSuccess
    void <init>(com.easemob.redpacketsdk.a.a.f,com.easemob.redpacketsdk.a.a.f$1) -> <init>
com.easemob.redpacketsdk.a.a.f$b -> com.easemob.redpacketsdk.a.a.f$b:
    void onAuthTokenSuccess(java.lang.String) -> onAuthTokenSuccess
    void onAuthTokenError(java.lang.String,java.lang.String) -> onAuthTokenError
com.easemob.redpacketsdk.a.a.g -> com.easemob.redpacketsdk.a.a.g:
    int b -> b
    void <init>(int) -> <init>
    void c() -> c
    void d() -> d
    void a(java.lang.String,java.lang.String) -> a
    void a(int,int) -> a
    void e() -> e
com.easemob.redpacketsdk.a.a.g$1 -> com.easemob.redpacketsdk.a.a.g$1:
com.easemob.redpacketsdk.a.a.g$a -> com.easemob.redpacketsdk.a.a.g$a:
    com.easemob.redpacketsdk.a.a.g a -> a
    void <init>(com.easemob.redpacketsdk.a.a.g) -> <init>
    void a(java.lang.String) -> a
    void onError(java.lang.String,java.lang.String) -> onError
    void onSuccess(java.lang.Object) -> onSuccess